C:\Users\somas\anaconda3\envs\finguard\python.exe C:\Users\somas\PycharmProjects\FinGuardPro\models\tune_lightgbm.py 
[I 2025-07-08 13:27:38,526] A new study created in memory with name: no-name-5a93db58-8e4d-4f03-bbed-25214ef868a7
[I 2025-07-08 13:27:42,711] Trial 0 finished with value: 0.9542880316811416 and parameters: {'learning_rate': 0.2748633641371984, 'num_leaves': 137, 'max_depth': 12, 'feature_fraction': 0.7729885464718442, 'bagging_fraction': 0.6060600620759292, 'bagging_freq': 8, 'min_child_samples': 44, 'lambda_l1': 1.5145179673706133, 'lambda_l2': 1.6803120979559172}. Best is trial 0 with value: 0.9542880316811416.
[I 2025-07-08 13:27:47,565] Trial 1 finished with value: 0.9959436861801029 and parameters: {'learning_rate': 0.032459769649911166, 'num_leaves': 107, 'max_depth': 12, 'feature_fraction': 0.9269055420299188, 'bagging_fraction': 0.6175530561254567, 'bagging_freq': 3, 'min_child_samples': 45, 'lambda_l1': 1.334018379310341, 'lambda_l2': 2.8213471729667794}. Best is trial 1 with value: 0.9959436861801029.
[I 2025-07-08 13:27:50,286] Trial 2 finished with value: 0.9939046402130949 and parameters: {'learning_rate': 0.010371891109791035, 'num_leaves': 67, 'max_depth': 3, 'feature_fraction': 0.740208392192512, 'bagging_fraction': 0.8472345967897748, 'bagging_freq': 3, 'min_child_samples': 77, 'lambda_l1': 0.5021050661573845, 'lambda_l2': 0.14411199458557622}. Best is trial 1 with value: 0.9959436861801029.
[I 2025-07-08 13:27:53,374] Trial 3 finished with value: 0.9953202753305164 and parameters: {'learning_rate': 0.022191950653806886, 'num_leaves': 44, 'max_depth': 5, 'feature_fraction': 0.7922740826146155, 'bagging_fraction': 0.8889057313656841, 'bagging_freq': 4, 'min_child_samples': 39, 'lambda_l1': 0.6896986005774541, 'lambda_l2': 0.32414909058980923}. Best is trial 1 with value: 0.9959436861801029.
[I 2025-07-08 13:27:57,826] Trial 4 finished with value: 0.9013035467061965 and parameters: {'learning_rate': 0.2933176465656911, 'num_leaves': 31, 'max_depth': 12, 'feature_fraction': 0.9396742540417975, 'bagging_fraction': 0.94494578796336, 'bagging_freq': 10, 'min_child_samples': 74, 'lambda_l1': 0.2746762406334313, 'lambda_l2': 3.1799976498270297}. Best is trial 1 with value: 0.9959436861801029.
[I 2025-07-08 13:28:00,959] Trial 5 finished with value: 0.9956545345708703 and parameters: {'learning_rate': 0.12688774608205855, 'num_leaves': 94, 'max_depth': 4, 'feature_fraction': 0.9896629790542693, 'bagging_fraction': 0.9867304690048462, 'bagging_freq': 4, 'min_child_samples': 83, 'lambda_l1': 0.4071618480422712, 'lambda_l2': 2.9857180472770555}. Best is trial 1 with value: 0.9959436861801029.
[I 2025-07-08 13:28:05,862] Trial 6 finished with value: 0.9960330285696883 and parameters: {'learning_rate': 0.05485140571752855, 'num_leaves': 96, 'max_depth': 7, 'feature_fraction': 0.849930910746904, 'bagging_fraction': 0.8918177357473316, 'bagging_freq': 2, 'min_child_samples': 96, 'lambda_l1': 2.780800151440141, 'lambda_l2': 4.269199077961838}. Best is trial 6 with value: 0.9960330285696883.
[I 2025-07-08 13:28:10,700] Trial 7 finished with value: 0.9147948426650458 and parameters: {'learning_rate': 0.26393472962364406, 'num_leaves': 133, 'max_depth': 8, 'feature_fraction': 0.951265370880423, 'bagging_fraction': 0.9554087385626959, 'bagging_freq': 9, 'min_child_samples': 22, 'lambda_l1': 3.69752488682255, 'lambda_l2': 3.6154665140031095}. Best is trial 6 with value: 0.9960330285696883.
[I 2025-07-08 13:28:16,517] Trial 8 finished with value: 0.9958034026840246 and parameters: {'learning_rate': 0.08419868427343122, 'num_leaves': 98, 'max_depth': 10, 'feature_fraction': 0.896137375841863, 'bagging_fraction': 0.6913048038939719, 'bagging_freq': 3, 'min_child_samples': 33, 'lambda_l1': 4.3866072051377225, 'lambda_l2': 1.6185423705682844}. Best is trial 6 with value: 0.9960330285696883.
[I 2025-07-08 13:28:19,946] Trial 9 finished with value: 0.9950996892685398 and parameters: {'learning_rate': 0.017819039116335797, 'num_leaves': 82, 'max_depth': 5, 'feature_fraction': 0.930098659788332, 'bagging_fraction': 0.8655202700932982, 'bagging_freq': 8, 'min_child_samples': 55, 'lambda_l1': 4.72385972646913, 'lambda_l2': 2.8432057986940817}. Best is trial 6 with value: 0.9960330285696883.
[I 2025-07-08 13:28:25,406] Trial 10 finished with value: 0.9961015182980788 and parameters: {'learning_rate': 0.05201800079844673, 'num_leaves': 63, 'max_depth': 15, 'feature_fraction': 0.6206534074094316, 'bagging_fraction': 0.7625761130514306, 'bagging_freq': 1, 'min_child_samples': 100, 'lambda_l1': 2.9826789977896517, 'lambda_l2': 4.764246851215867}. Best is trial 10 with value: 0.9961015182980788.
[I 2025-07-08 13:28:29,610] Trial 11 finished with value: 0.9960036459507501 and parameters: {'learning_rate': 0.048451231011148184, 'num_leaves': 51, 'max_depth': 15, 'feature_fraction': 0.6011046689200203, 'bagging_fraction': 0.7479619758455542, 'bagging_freq': 1, 'min_child_samples': 100, 'lambda_l1': 2.8634940481914675, 'lambda_l2': 4.940228860852706}. Best is trial 10 with value: 0.9961015182980788.
[I 2025-07-08 13:28:34,460] Trial 12 finished with value: 0.996073452248093 and parameters: {'learning_rate': 0.06131306091305658, 'num_leaves': 72, 'max_depth': 8, 'feature_fraction': 0.6822841607945559, 'bagging_fraction': 0.7803240825068234, 'bagging_freq': 1, 'min_child_samples': 99, 'lambda_l1': 2.742069187874648, 'lambda_l2': 4.94493880423392}. Best is trial 10 with value: 0.9961015182980788.
[I 2025-07-08 13:28:39,311] Trial 13 finished with value: 0.9957138051896083 and parameters: {'learning_rate': 0.11350544221011734, 'num_leaves': 67, 'max_depth': 15, 'feature_fraction': 0.6303328963806274, 'bagging_fraction': 0.7785476932054768, 'bagging_freq': 1, 'min_child_samples': 88, 'lambda_l1': 3.511298111074579, 'lambda_l2': 4.92932625031741}. Best is trial 10 with value: 0.9961015182980788.
[I 2025-07-08 13:28:43,774] Trial 14 finished with value: 0.9958246706974656 and parameters: {'learning_rate': 0.050662928403310076, 'num_leaves': 22, 'max_depth': 10, 'feature_fraction': 0.6760881017081121, 'bagging_fraction': 0.7289313853366911, 'bagging_freq': 6, 'min_child_samples': 68, 'lambda_l1': 2.052166777251526, 'lambda_l2': 3.9958215202555305}. Best is trial 10 with value: 0.9961015182980788.
[I 2025-07-08 13:28:48,927] Trial 15 finished with value: 0.9961064860797203 and parameters: {'learning_rate': 0.07714601198058056, 'num_leaves': 70, 'max_depth': 7, 'feature_fraction': 0.6959332452210685, 'bagging_fraction': 0.8078306896461536, 'bagging_freq': 1, 'min_child_samples': 90, 'lambda_l1': 3.4772904543951504, 'lambda_l2': 4.366364581728085}. Best is trial 15 with value: 0.9961064860797203.
[I 2025-07-08 13:28:53,177] Trial 16 finished with value: 0.9955524138045482 and parameters: {'learning_rate': 0.14683466036223225, 'num_leaves': 117, 'max_depth': 6, 'feature_fraction': 0.7004941591254201, 'bagging_fraction': 0.8224840034231307, 'bagging_freq': 6, 'min_child_samples': 61, 'lambda_l1': 3.556634696760451, 'lambda_l2': 4.1515133226177525}. Best is trial 15 with value: 0.9961064860797203.
[I 2025-07-08 13:28:57,217] Trial 17 finished with value: 0.9960351468451826 and parameters: {'learning_rate': 0.0329523169838093, 'num_leaves': 53, 'max_depth': 13, 'feature_fraction': 0.6427537026139384, 'bagging_fraction': 0.6739248904380528, 'bagging_freq': 5, 'min_child_samples': 90, 'lambda_l1': 4.124869684600402, 'lambda_l2': 2.090659702891585}. Best is trial 15 with value: 0.9961064860797203.
[I 2025-07-08 13:29:03,578] Trial 18 finished with value: 0.9960020355124339 and parameters: {'learning_rate': 0.08950629459972907, 'num_leaves': 78, 'max_depth': 10, 'feature_fraction': 0.7302524082390076, 'bagging_fraction': 0.8142987956323681, 'bagging_freq': 2, 'min_child_samples': 83, 'lambda_l1': 2.064029571865679, 'lambda_l2': 3.565172087416101}. Best is trial 15 with value: 0.9961064860797203.
[I 2025-07-08 13:29:08,082] Trial 19 finished with value: 0.9946171601105697 and parameters: {'learning_rate': 0.18027447982305947, 'num_leaves': 40, 'max_depth': 9, 'feature_fraction': 0.8423286676000213, 'bagging_fraction': 0.7169247819609993, 'bagging_freq': 2, 'min_child_samples': 90, 'lambda_l1': 3.283609894398335, 'lambda_l2': 4.504195123359266}. Best is trial 15 with value: 0.9961064860797203.
[I 2025-07-08 13:29:12,721] Trial 20 finished with value: 0.9958794008945351 and parameters: {'learning_rate': 0.033415945339223235, 'num_leaves': 58, 'max_depth': 14, 'feature_fraction': 0.6028029138005001, 'bagging_fraction': 0.7619309619971235, 'bagging_freq': 7, 'min_child_samples': 67, 'lambda_l1': 4.947639103284608, 'lambda_l2': 3.7014050089357147}. Best is trial 15 with value: 0.9961064860797203.
[I 2025-07-08 13:29:17,252] Trial 21 finished with value: 0.9961063994770936 and parameters: {'learning_rate': 0.060681331190268195, 'num_leaves': 63, 'max_depth': 8, 'feature_fraction': 0.6750340823932183, 'bagging_fraction': 0.8045869973105917, 'bagging_freq': 1, 'min_child_samples': 100, 'lambda_l1': 2.327976256963283, 'lambda_l2': 4.609243387755452}. Best is trial 15 with value: 0.9961064860797203.
[I 2025-07-08 13:29:21,273] Trial 22 finished with value: 0.9961404552733711 and parameters: {'learning_rate': 0.06960676786720621, 'num_leaves': 61, 'max_depth': 7, 'feature_fraction': 0.649681006878156, 'bagging_fraction': 0.8109607874146977, 'bagging_freq': 1, 'min_child_samples': 94, 'lambda_l1': 2.3182117741319908, 'lambda_l2': 4.5238447012943395}. Best is trial 22 with value: 0.9961404552733711.
[I 2025-07-08 13:29:25,783] Trial 23 finished with value: 0.9960809679287023 and parameters: {'learning_rate': 0.08004361476032183, 'num_leaves': 84, 'max_depth': 7, 'feature_fraction': 0.6655648757174205, 'bagging_fraction': 0.8321842580339223, 'bagging_freq': 2, 'min_child_samples': 92, 'lambda_l1': 2.3827444479401634, 'lambda_l2': 4.4726145634823355}. Best is trial 22 with value: 0.9961404552733711.
[I 2025-07-08 13:29:29,729] Trial 24 finished with value: 0.995971543876313 and parameters: {'learning_rate': 0.07807318155346042, 'num_leaves': 39, 'max_depth': 6, 'feature_fraction': 0.7191025574666884, 'bagging_fraction': 0.8037466774535326, 'bagging_freq': 4, 'min_child_samples': 81, 'lambda_l1': 1.664976438341289, 'lambda_l2': 3.8241946605018846}. Best is trial 22 with value: 0.9961404552733711.
[I 2025-07-08 13:29:33,854] Trial 25 finished with value: 0.9960855493644314 and parameters: {'learning_rate': 0.03876912149266293, 'num_leaves': 54, 'max_depth': 8, 'feature_fraction': 0.7549822725556212, 'bagging_fraction': 0.8815648473650837, 'bagging_freq': 1, 'min_child_samples': 92, 'lambda_l1': 2.1602977912882073, 'lambda_l2': 3.3826649909362825}. Best is trial 22 with value: 0.9961404552733711.
[I 2025-07-08 13:29:39,320] Trial 26 finished with value: 0.9959634773268764 and parameters: {'learning_rate': 0.1049571604394333, 'num_leaves': 75, 'max_depth': 9, 'feature_fraction': 0.65418388484748, 'bagging_fraction': 0.9259435226224068, 'bagging_freq': 3, 'min_child_samples': 72, 'lambda_l1': 1.0769998375276013, 'lambda_l2': 4.470891926762892}. Best is trial 22 with value: 0.9961404552733711.
[I 2025-07-08 13:29:43,568] Trial 27 finished with value: 0.9955131838233754 and parameters: {'learning_rate': 0.19356291641286252, 'num_leaves': 88, 'max_depth': 6, 'feature_fraction': 0.6998439444084623, 'bagging_fraction': 0.8530602077826799, 'bagging_freq': 2, 'min_child_samples': 85, 'lambda_l1': 4.010654923681869, 'lambda_l2': 4.07959559664555}. Best is trial 22 with value: 0.9961404552733711.
[I 2025-07-08 13:29:48,113] Trial 28 finished with value: 0.99579376392986 and parameters: {'learning_rate': 0.06663212223707037, 'num_leaves': 150, 'max_depth': 7, 'feature_fraction': 0.831909933905446, 'bagging_fraction': 0.7858912657843176, 'bagging_freq': 5, 'min_child_samples': 94, 'lambda_l1': 3.1813890980519206, 'lambda_l2': 0.9958035024766998}. Best is trial 22 with value: 0.9961404552733711.
[I 2025-07-08 13:29:53,053] Trial 29 finished with value: 0.9959799899085067 and parameters: {'learning_rate': 0.025156045651566865, 'num_leaves': 109, 'max_depth': 11, 'feature_fraction': 0.7674082007037777, 'bagging_fraction': 0.9120017779803147, 'bagging_freq': 1, 'min_child_samples': 57, 'lambda_l1': 1.6429658098806623, 'lambda_l2': 4.60470598203428}. Best is trial 22 with value: 0.9961404552733711.
[I 2025-07-08 13:29:56,578] Trial 30 finished with value: 0.9956618335674652 and parameters: {'learning_rate': 0.040780224589690425, 'num_leaves': 44, 'max_depth': 5, 'feature_fraction': 0.7929883787216158, 'bagging_fraction': 0.8029737473815758, 'bagging_freq': 2, 'min_child_samples': 78, 'lambda_l1': 2.389822591729847, 'lambda_l2': 2.2573307537989784}. Best is trial 22 with value: 0.9961404552733711.
[I 2025-07-08 13:30:00,884] Trial 31 finished with value: 0.995979656788377 and parameters: {'learning_rate': 0.06792442272240881, 'num_leaves': 62, 'max_depth': 8, 'feature_fraction': 0.643756385489805, 'bagging_fraction': 0.7491403300342524, 'bagging_freq': 1, 'min_child_samples': 97, 'lambda_l1': 3.1824974791328637, 'lambda_l2': 4.767774799644861}. Best is trial 22 with value: 0.9961404552733711.
[I 2025-07-08 13:30:04,617] Trial 32 finished with value: 0.9958219951426883 and parameters: {'learning_rate': 0.047244624409385864, 'num_leaves': 64, 'max_depth': 7, 'feature_fraction': 0.6254857371411009, 'bagging_fraction': 0.6635130877324384, 'bagging_freq': 1, 'min_child_samples': 99, 'lambda_l1': 2.9798514197892843, 'lambda_l2': 4.369814614939725}. Best is trial 22 with value: 0.9961404552733711.
[I 2025-07-08 13:30:09,888] Trial 33 finished with value: 0.9960642338063131 and parameters: {'learning_rate': 0.06616584148442511, 'num_leaves': 69, 'max_depth': 9, 'feature_fraction': 0.692094669753915, 'bagging_fraction': 0.8361942056239451, 'bagging_freq': 3, 'min_child_samples': 87, 'lambda_l1': 1.876952153719878, 'lambda_l2': 4.01823081657629}. Best is trial 22 with value: 0.9961404552733711.
[I 2025-07-08 13:30:12,722] Trial 34 finished with value: 0.9955369559775787 and parameters: {'learning_rate': 0.0968404280168005, 'num_leaves': 50, 'max_depth': 3, 'feature_fraction': 0.6182782708950751, 'bagging_fraction': 0.7136604337763669, 'bagging_freq': 2, 'min_child_samples': 95, 'lambda_l1': 2.5582295562921042, 'lambda_l2': 4.670857912906754}. Best is trial 22 with value: 0.9961404552733711.
[I 2025-07-08 13:30:16,232] Trial 35 finished with value: 0.9954591629429264 and parameters: {'learning_rate': 0.012675034844987745, 'num_leaves': 75, 'max_depth': 11, 'feature_fraction': 0.7201384590043274, 'bagging_fraction': 0.6186888310054313, 'bagging_freq': 3, 'min_child_samples': 100, 'lambda_l1': 1.1699263894113714, 'lambda_l2': 3.270996787802428}. Best is trial 22 with value: 0.9961404552733711.
[I 2025-07-08 13:30:19,803] Trial 36 finished with value: 0.9958605074658242 and parameters: {'learning_rate': 0.040412463029767955, 'num_leaves': 30, 'max_depth': 6, 'feature_fraction': 0.6668508185748281, 'bagging_fraction': 0.7648874679477482, 'bagging_freq': 1, 'min_child_samples': 76, 'lambda_l1': 3.830380017123111, 'lambda_l2': 2.495081661147413}. Best is trial 22 with value: 0.9961404552733711.
[I 2025-07-08 13:30:22,560] Trial 37 finished with value: 0.9951564149001214 and parameters: {'learning_rate': 0.02352418583850083, 'num_leaves': 58, 'max_depth': 4, 'feature_fraction': 0.7449028115994286, 'bagging_fraction': 0.8618934521869274, 'bagging_freq': 4, 'min_child_samples': 80, 'lambda_l1': 2.6330458034418283, 'lambda_l2': 4.272299336506168}. Best is trial 22 with value: 0.9961404552733711.
[I 2025-07-08 13:30:27,629] Trial 38 finished with value: 0.9956548742914778 and parameters: {'learning_rate': 0.12758722410351395, 'num_leaves': 63, 'max_depth': 13, 'feature_fraction': 0.6565391958141785, 'bagging_fraction': 0.807883731091489, 'bagging_freq': 2, 'min_child_samples': 87, 'lambda_l1': 3.0668724285155826, 'lambda_l2': 3.824243412999249}. Best is trial 22 with value: 0.9961404552733711.
[I 2025-07-08 13:30:33,454] Trial 39 finished with value: 0.996082113365879 and parameters: {'learning_rate': 0.054352545020308146, 'num_leaves': 92, 'max_depth': 11, 'feature_fraction': 0.706380680116893, 'bagging_fraction': 0.7434206337996665, 'bagging_freq': 3, 'min_child_samples': 94, 'lambda_l1': 2.3210380129994617, 'lambda_l2': 4.704918313275888}. Best is trial 22 with value: 0.9961404552733711.
[I 2025-07-08 13:30:37,381] Trial 40 finished with value: 0.9956613671914589 and parameters: {'learning_rate': 0.028482078187435714, 'num_leaves': 45, 'max_depth': 8, 'feature_fraction': 0.8191047355026515, 'bagging_fraction': 0.7917343881260457, 'bagging_freq': 1, 'min_child_samples': 51, 'lambda_l1': 3.4069935128222033, 'lambda_l2': 1.0686213690257007}. Best is trial 22 with value: 0.9961404552733711.
[I 2025-07-08 13:30:42,010] Trial 41 finished with value: 0.9959567666921698 and parameters: {'learning_rate': 0.03947444535540109, 'num_leaves': 53, 'max_depth': 8, 'feature_fraction': 0.7675919482833119, 'bagging_fraction': 0.8889080964848884, 'bagging_freq': 1, 'min_child_samples': 92, 'lambda_l1': 2.1424374558228436, 'lambda_l2': 3.371269845230514}. Best is trial 22 with value: 0.9961404552733711.
[I 2025-07-08 13:30:45,872] Trial 42 finished with value: 0.995495851114226 and parameters: {'learning_rate': 0.019191128789792948, 'num_leaves': 58, 'max_depth': 7, 'feature_fraction': 0.7486364518439934, 'bagging_fraction': 0.8735618422570778, 'bagging_freq': 2, 'min_child_samples': 95, 'lambda_l1': 0.01848853809437845, 'lambda_l2': 3.49776823023211}. Best is trial 22 with value: 0.9961404552733711.
[I 2025-07-08 13:30:50,423] Trial 43 finished with value: 0.9961773943885737 and parameters: {'learning_rate': 0.06086415036085621, 'num_leaves': 34, 'max_depth': 9, 'feature_fraction': 0.68290174126086, 'bagging_fraction': 0.994959534714979, 'bagging_freq': 1, 'min_child_samples': 85, 'lambda_l1': 1.4585790889953225, 'lambda_l2': 4.23788815458051}. Best is trial 43 with value: 0.9961773943885737.
[I 2025-07-08 13:30:56,456] Trial 44 finished with value: 0.9960666147316377 and parameters: {'learning_rate': 0.0744727691306481, 'num_leaves': 81, 'max_depth': 9, 'feature_fraction': 0.6173569177163551, 'bagging_fraction': 0.9549219039552952, 'bagging_freq': 10, 'min_child_samples': 85, 'lambda_l1': 0.994763952961268, 'lambda_l2': 4.993715825405318}. Best is trial 43 with value: 0.9961773943885737.
[I 2025-07-08 13:31:00,543] Trial 45 finished with value: 0.9960037726312988 and parameters: {'learning_rate': 0.06240989589879191, 'num_leaves': 20, 'max_depth': 10, 'feature_fraction': 0.639493480128642, 'bagging_fraction': 0.9748669525737845, 'bagging_freq': 1, 'min_child_samples': 27, 'lambda_l1': 1.411753614076018, 'lambda_l2': 4.25699564487032}. Best is trial 43 with value: 0.9961773943885737.
[I 2025-07-08 13:31:12,088] Trial 46 finished with value: 0.9956464201218619 and parameters: {'learning_rate': 0.05461086883356028, 'num_leaves': 29, 'max_depth': 5, 'feature_fraction': 0.6844620289468546, 'bagging_fraction': 0.9981320412952749, 'bagging_freq': 9, 'min_child_samples': 97, 'lambda_l1': 1.8376347667670998, 'lambda_l2': 3.849119023220283}. Best is trial 43 with value: 0.9961773943885737.
[I 2025-07-08 13:31:18,338] Trial 47 finished with value: 0.9959229662382505 and parameters: {'learning_rate': 0.0915410107982492, 'num_leaves': 36, 'max_depth': 9, 'feature_fraction': 0.890569682609019, 'bagging_fraction': 0.9210676594658659, 'bagging_freq': 2, 'min_child_samples': 38, 'lambda_l1': 0.6540387109376571, 'lambda_l2': 2.9889282777434616}. Best is trial 43 with value: 0.9961773943885737.
[I 2025-07-08 13:31:22,569] Trial 48 finished with value: 0.9960310747416592 and parameters: {'learning_rate': 0.045407146181845486, 'num_leaves': 102, 'max_depth': 7, 'feature_fraction': 0.6698556479531778, 'bagging_fraction': 0.8421871625718814, 'bagging_freq': 3, 'min_child_samples': 100, 'lambda_l1': 2.833236843596716, 'lambda_l2': 4.7651765863320685}. Best is trial 43 with value: 0.9961773943885737.
[I 2025-07-08 13:31:28,505] Trial 49 finished with value: 0.9960112869985192 and parameters: {'learning_rate': 0.057374023927090054, 'num_leaves': 71, 'max_depth': 10, 'feature_fraction': 0.7113961808637402, 'bagging_fraction': 0.6946903593675823, 'bagging_freq': 1, 'min_child_samples': 72, 'lambda_l1': 3.7790830968044307, 'lambda_l2': 4.312818361571996}. Best is trial 43 with value: 0.9961773943885737.
🎯 Best AUC: 0.9961773943885737
🏆 Best hyperparameters: {'learning_rate': 0.06086415036085621, 'num_leaves': 34, 'max_depth': 9, 'feature_fraction': 0.68290174126086, 'bagging_fraction': 0.994959534714979, 'bagging_freq': 1, 'min_child_samples': 85, 'lambda_l1': 1.4585790889953225, 'lambda_l2': 4.23788815458051}
💾 Final tuned LightGBM model saved!

Process finished with exit code 0
