 Classification Report:
               precision    recall  f1-score   support

           0       1.00      0.99      1.00     19034
           1       0.73      0.98      0.84       389

    accuracy                           0.99     19423
   macro avg       0.86      0.98      0.92     19423
weighted avg       0.99      0.99      0.99     19423

📈 AUC Score: 0.9993
✔️ TP: 380 | ❌ FP: 141 | ✔️ TN: 18893 | ❌ FN: 9
🎯 Recall (Fraud Detection Rate): 97.69%
🚨 False Alarm Rate: 0.74%
🎯 Precision: 72.94%

C:\Users\somas\anaconda3\envs\finguard\python.exe C:\Users\somas\PycharmProjects\FinGuardPro\models\tune_xgboost.py 
[I 2025-07-09 12:35:28,157] A new study created in memory with name: no-name-4469b625-958c-4ae3-b5f5-d1f73272dde8
✅ Loaded existing model from C:/Users/somas/PycharmProjects/FinGuardPro/models\xgboost_best_model.pkl
[I 2025-07-09 12:35:30,383] Trial 0 finished with value: 0.99925197269389 and parameters: {'max_depth': 10, 'learning_rate': 0.017227534531053728, 'subsample': 0.731207866831778, 'colsample_bytree': 0.6731275950181964, 'n_estimators': 50}. Best is trial 0 with value: 0.99925197269389.
[I 2025-07-09 12:35:35,910] Trial 1 finished with value: 0.9994298261776301 and parameters: {'max_depth': 5, 'learning_rate': 0.03442068407076298, 'subsample': 0.7037629539035776, 'colsample_bytree': 0.6200782610506437, 'n_estimators': 200}. Best is trial 1 with value: 0.9994298261776301.
[I 2025-07-09 12:35:38,234] Trial 2 finished with value: 0.9981088126207828 and parameters: {'max_depth': 10, 'learning_rate': 0.014912197828509085, 'subsample': 0.6218032930040239, 'colsample_bytree': 0.9535559518204728, 'n_estimators': 84}. Best is trial 1 with value: 0.9994298261776301.
[I 2025-07-09 12:35:40,703] Trial 3 finished with value: 0.9993088609793955 and parameters: {'max_depth': 5, 'learning_rate': 0.1546476573893183, 'subsample': 0.7364498206533984, 'colsample_bytree': 0.7672169350796826, 'n_estimators': 105}. Best is trial 1 with value: 0.9994298261776301.
[I 2025-07-09 12:35:42,937] Trial 4 finished with value: 0.9986428892856177 and parameters: {'max_depth': 10, 'learning_rate': 0.12283131469896336, 'subsample': 0.7352266761201175, 'colsample_bytree': 0.9659978035854203, 'n_estimators': 132}. Best is trial 1 with value: 0.9994298261776301.
[I 2025-07-09 12:35:49,106] Trial 5 finished with value: 0.9993385257775588 and parameters: {'max_depth': 8, 'learning_rate': 0.030782220762870058, 'subsample': 0.7790608851668712, 'colsample_bytree': 0.6111781227470516, 'n_estimators': 253}. Best is trial 1 with value: 0.9994298261776301.
[I 2025-07-09 12:35:52,842] Trial 6 finished with value: 0.9992978481064112 and parameters: {'max_depth': 9, 'learning_rate': 0.024065711330958067, 'subsample': 0.8229162352620245, 'colsample_bytree': 0.734240425531859, 'n_estimators': 122}. Best is trial 1 with value: 0.9994298261776301.
[I 2025-07-09 12:35:57,102] Trial 7 finished with value: 0.9994105881396109 and parameters: {'max_depth': 4, 'learning_rate': 0.05856344638994062, 'subsample': 0.6554786571011868, 'colsample_bytree': 0.6419929492392394, 'n_estimators': 289}. Best is trial 1 with value: 0.9994298261776301.
[I 2025-07-09 12:36:01,487] Trial 8 finished with value: 0.9993477863112741 and parameters: {'max_depth': 6, 'learning_rate': 0.011632542033005443, 'subsample': 0.6855387023216277, 'colsample_bytree': 0.7489533206363833, 'n_estimators': 160}. Best is trial 1 with value: 0.9994298261776301.
[I 2025-07-09 12:36:03,885] Trial 9 finished with value: 0.9993383547888582 and parameters: {'max_depth': 7, 'learning_rate': 0.0887508586402988, 'subsample': 0.8330237368860208, 'colsample_bytree': 0.8465455476635246, 'n_estimators': 287}. Best is trial 1 with value: 0.9994298261776301.
[I 2025-07-09 12:36:06,403] Trial 10 finished with value: 0.9993627443686289 and parameters: {'max_depth': 3, 'learning_rate': 0.24881723496744157, 'subsample': 0.9393332833957493, 'colsample_bytree': 0.8562414741845166, 'n_estimators': 213}. Best is trial 1 with value: 0.9994298261776301.
[I 2025-07-09 12:36:11,337] Trial 11 finished with value: 0.9994095410877333 and parameters: {'max_depth': 4, 'learning_rate': 0.05204703329887842, 'subsample': 0.6234867918915651, 'colsample_bytree': 0.6103590571351507, 'n_estimators': 203}. Best is trial 1 with value: 0.9994298261776301.
[I 2025-07-09 12:36:15,972] Trial 12 finished with value: 0.9994082259169818 and parameters: {'max_depth': 5, 'learning_rate': 0.0531211794924451, 'subsample': 0.673256165240087, 'colsample_bytree': 0.6609238154497288, 'n_estimators': 298}. Best is trial 1 with value: 0.9994298261776301.
[I 2025-07-09 12:36:20,226] Trial 13 finished with value: 0.9990389252707336 and parameters: {'max_depth': 3, 'learning_rate': 0.03683996482076717, 'subsample': 0.8856736901891089, 'colsample_bytree': 0.6939344896153212, 'n_estimators': 247}. Best is trial 1 with value: 0.9994298261776301.
[I 2025-07-09 12:36:23,992] Trial 14 finished with value: 0.9993651260953951 and parameters: {'max_depth': 5, 'learning_rate': 0.07439248502260078, 'subsample': 0.6785335869036673, 'colsample_bytree': 0.6033293916305783, 'n_estimators': 187}. Best is trial 1 with value: 0.9994298261776301.
[I 2025-07-09 12:36:29,111] Trial 15 finished with value: 0.9994291626776567 and parameters: {'max_depth': 4, 'learning_rate': 0.042647372744910775, 'subsample': 0.6021018554150608, 'colsample_bytree': 0.8197993497899216, 'n_estimators': 236}. Best is trial 1 with value: 0.9994298261776301.
[I 2025-07-09 12:36:34,251] Trial 16 finished with value: 0.9993939364861459 and parameters: {'max_depth': 6, 'learning_rate': 0.023402928557194377, 'subsample': 0.997148067325305, 'colsample_bytree': 0.8303595358653381, 'n_estimators': 236}. Best is trial 1 with value: 0.9994298261776301.
[I 2025-07-09 12:36:38,331] Trial 17 finished with value: 0.9994351102893729 and parameters: {'max_depth': 4, 'learning_rate': 0.037500232924517346, 'subsample': 0.6111820430755095, 'colsample_bytree': 0.8900579639448396, 'n_estimators': 159}. Best is trial 17 with value: 0.9994351102893729.
[I 2025-07-09 12:36:41,414] Trial 18 finished with value: 0.9993477299916846 and parameters: {'max_depth': 7, 'learning_rate': 0.02674349387769078, 'subsample': 0.7760138113985715, 'colsample_bytree': 0.9234355391019339, 'n_estimators': 158}. Best is trial 17 with value: 0.9994351102893729.
[I 2025-07-09 12:36:45,150] Trial 19 finished with value: 0.999124265564553 and parameters: {'max_depth': 3, 'learning_rate': 0.018870745992820615, 'subsample': 0.7172642473205362, 'colsample_bytree': 0.8856423002998598, 'n_estimators': 170}. Best is trial 17 with value: 0.9994351102893729.
[I 2025-07-09 12:36:48,589] Trial 20 finished with value: 0.999346788589798 and parameters: {'max_depth': 6, 'learning_rate': 0.01040866945347291, 'subsample': 0.6387362977336583, 'colsample_bytree': 0.9041909555984039, 'n_estimators': 139}. Best is trial 17 with value: 0.9994351102893729.
[I 2025-07-09 12:36:52,357] Trial 21 finished with value: 0.9992912117085169 and parameters: {'max_depth': 4, 'learning_rate': 0.038211950402982586, 'subsample': 0.6102389536202911, 'colsample_bytree': 0.7947115912953562, 'n_estimators': 210}. Best is trial 17 with value: 0.9994351102893729.
[I 2025-07-09 12:36:57,251] Trial 22 finished with value: 0.999449816809563 and parameters: {'max_depth': 4, 'learning_rate': 0.04039125594036273, 'subsample': 0.6936072821467719, 'colsample_bytree': 0.815904455913647, 'n_estimators': 226}. Best is trial 22 with value: 0.999449816809563.
[I 2025-07-09 12:37:00,397] Trial 23 finished with value: 0.999325825731546 and parameters: {'max_depth': 5, 'learning_rate': 0.07249720159613865, 'subsample': 0.6983971730904346, 'colsample_bytree': 0.9993033982177081, 'n_estimators': 182}. Best is trial 22 with value: 0.999449816809563.
[I 2025-07-09 12:37:05,978] Trial 24 finished with value: 0.999431845153516 and parameters: {'max_depth': 4, 'learning_rate': 0.03433987080672966, 'subsample': 0.6592929193416872, 'colsample_bytree': 0.7120711837094847, 'n_estimators': 268}. Best is trial 22 with value: 0.999449816809563.
[I 2025-07-09 12:37:09,824] Trial 25 finished with value: 0.9990788866187524 and parameters: {'max_depth': 3, 'learning_rate': 0.043810427738240586, 'subsample': 0.6454099107621941, 'colsample_bytree': 0.7130472195393871, 'n_estimators': 266}. Best is trial 22 with value: 0.999449816809563.
[I 2025-07-09 12:37:13,013] Trial 26 finished with value: 0.9993936827262752 and parameters: {'max_depth': 4, 'learning_rate': 0.10802787430423468, 'subsample': 0.6602692018579196, 'colsample_bytree': 0.7932850327735598, 'n_estimators': 227}. Best is trial 22 with value: 0.999449816809563.
[I 2025-07-09 12:37:18,920] Trial 27 finished with value: 0.9994482622283334 and parameters: {'max_depth': 4, 'learning_rate': 0.028474438158896404, 'subsample': 0.7611044657992054, 'colsample_bytree': 0.8757962730631829, 'n_estimators': 269}. Best is trial 22 with value: 0.999449816809563.
[I 2025-07-09 12:37:21,923] Trial 28 finished with value: 0.9985973836630552 and parameters: {'max_depth': 3, 'learning_rate': 0.02080211352654474, 'subsample': 0.7861744239161086, 'colsample_bytree': 0.877965748072009, 'n_estimators': 271}. Best is trial 22 with value: 0.999449816809563.
[I 2025-07-09 12:37:24,106] Trial 29 finished with value: 0.9992827245320921 and parameters: {'max_depth': 6, 'learning_rate': 0.01313226800965234, 'subsample': 0.7579259026612875, 'colsample_bytree': 0.932429215731677, 'n_estimators': 72}. Best is trial 22 with value: 0.999449816809563.
[I 2025-07-09 12:37:28,197] Trial 30 finished with value: 0.9993510092139891 and parameters: {'max_depth': 5, 'learning_rate': 0.015254692997706256, 'subsample': 0.822132107017941, 'colsample_bytree': 0.907342860875889, 'n_estimators': 224}. Best is trial 22 with value: 0.999449816809563.
[I 2025-07-09 12:37:33,645] Trial 31 finished with value: 0.9994441252079983 and parameters: {'max_depth': 4, 'learning_rate': 0.03036255876988395, 'subsample': 0.7455322255628678, 'colsample_bytree': 0.8599151879377539, 'n_estimators': 266}. Best is trial 22 with value: 0.999449816809563.
[I 2025-07-09 12:37:39,939] Trial 32 finished with value: 0.9994401509508638 and parameters: {'max_depth': 4, 'learning_rate': 0.03010182622046443, 'subsample': 0.7564856975787121, 'colsample_bytree': 0.8651718179685103, 'n_estimators': 250}. Best is trial 22 with value: 0.999449816809563.
[I 2025-07-09 12:37:45,643] Trial 33 finished with value: 0.9994397726801626 and parameters: {'max_depth': 5, 'learning_rate': 0.029531792231717275, 'subsample': 0.7514290768072264, 'colsample_bytree': 0.8662298971371754, 'n_estimators': 254}. Best is trial 22 with value: 0.999449816809563.
[I 2025-07-09 12:37:48,717] Trial 34 finished with value: 0.998619322373688 and parameters: {'max_depth': 3, 'learning_rate': 0.028019497652985635, 'subsample': 0.8031469121086758, 'colsample_bytree': 0.8164341882911367, 'n_estimators': 277}. Best is trial 22 with value: 0.999449816809563.
[I 2025-07-09 12:37:53,216] Trial 35 finished with value: 0.9993288834296493 and parameters: {'max_depth': 4, 'learning_rate': 0.01746140912790154, 'subsample': 0.7211923400342255, 'colsample_bytree': 0.8470405421751616, 'n_estimators': 249}. Best is trial 22 with value: 0.999449816809563.
[I 2025-07-09 12:37:57,578] Trial 36 finished with value: 0.9994185852844134 and parameters: {'max_depth': 5, 'learning_rate': 0.046987248413407984, 'subsample': 0.8519095376521797, 'colsample_bytree': 0.7617908809623486, 'n_estimators': 281}. Best is trial 22 with value: 0.999449816809563.
[I 2025-07-09 12:38:00,229] Trial 37 finished with value: 0.9987415389905907 and parameters: {'max_depth': 8, 'learning_rate': 0.02332008679021651, 'subsample': 0.7567134323021517, 'colsample_bytree': 0.7817154795269752, 'n_estimators': 255}. Best is trial 22 with value: 0.999449816809563.
[I 2025-07-09 12:38:03,795] Trial 38 finished with value: 0.9994290143535961 and parameters: {'max_depth': 4, 'learning_rate': 0.05938882884900908, 'subsample': 0.7060533684614793, 'colsample_bytree': 0.9475857284928383, 'n_estimators': 296}. Best is trial 22 with value: 0.999449816809563.
[I 2025-07-09 12:38:06,590] Trial 39 finished with value: 0.9986270819032824 and parameters: {'max_depth': 3, 'learning_rate': 0.03224011848418263, 'subsample': 0.7354742895539127, 'colsample_bytree': 0.8296952511784333, 'n_estimators': 223}. Best is trial 22 with value: 0.999449816809563.
[I 2025-07-09 12:38:09,287] Trial 40 finished with value: 0.9987191459348591 and parameters: {'max_depth': 9, 'learning_rate': 0.02052558348239284, 'subsample': 0.8027116761790642, 'colsample_bytree': 0.8731968801436968, 'n_estimators': 239}. Best is trial 22 with value: 0.999449816809563.
[I 2025-07-09 12:38:15,116] Trial 41 finished with value: 0.9994289239553037 and parameters: {'max_depth': 5, 'learning_rate': 0.027970674871849142, 'subsample': 0.752189479832638, 'colsample_bytree': 0.8671348794344814, 'n_estimators': 260}. Best is trial 22 with value: 0.999449816809563.
[I 2025-07-09 12:38:20,931] Trial 42 finished with value: 0.9994220850917035 and parameters: {'max_depth': 5, 'learning_rate': 0.030796023940522332, 'subsample': 0.7459578187492826, 'colsample_bytree': 0.8514208889076889, 'n_estimators': 261}. Best is trial 22 with value: 0.999449816809563.
[I 2025-07-09 12:38:26,680] Trial 43 finished with value: 0.9994566753017954 and parameters: {'max_depth': 4, 'learning_rate': 0.026257082827873438, 'subsample': 0.7768963423076091, 'colsample_bytree': 0.9013647776479227, 'n_estimators': 245}. Best is trial 43 with value: 0.9994566753017954.
[I 2025-07-09 12:38:31,146] Trial 44 finished with value: 0.9993579853934794 and parameters: {'max_depth': 4, 'learning_rate': 0.01651774024338132, 'subsample': 0.7733883397897898, 'colsample_bytree': 0.9000436239827396, 'n_estimators': 196}. Best is trial 43 with value: 0.9994566753017954.
[I 2025-07-09 12:38:37,228] Trial 45 finished with value: 0.999461774912021 and parameters: {'max_depth': 4, 'learning_rate': 0.024470967079931176, 'subsample': 0.8635714851973686, 'colsample_bytree': 0.9803640924179527, 'n_estimators': 282}. Best is trial 45 with value: 0.999461774912021.
[I 2025-07-09 12:38:45,324] Trial 46 finished with value: 0.999453448183346 and parameters: {'max_depth': 3, 'learning_rate': 0.024258549328904908, 'subsample': 0.8659355736722303, 'colsample_bytree': 0.9862452323877176, 'n_estimators': 284}. Best is trial 45 with value: 0.999461774912021.
[I 2025-07-09 12:38:48,410] Trial 47 finished with value: 0.9977246693430836 and parameters: {'max_depth': 3, 'learning_rate': 0.013865596800782053, 'subsample': 0.8736133183974716, 'colsample_bytree': 0.9916782854512055, 'n_estimators': 300}. Best is trial 45 with value: 0.999461774912021.
[I 2025-07-09 12:38:55,274] Trial 48 finished with value: 0.999463928423542 and parameters: {'max_depth': 3, 'learning_rate': 0.02432939761511395, 'subsample': 0.9139993649790537, 'colsample_bytree': 0.9802485120286025, 'n_estimators': 283}. Best is trial 48 with value: 0.999463928423542.
[I 2025-07-09 12:39:00,208] Trial 49 finished with value: 0.9990333418700068 and parameters: {'max_depth': 3, 'learning_rate': 0.023590083161510872, 'subsample': 0.9059669002025362, 'colsample_bytree': 0.9743666782748133, 'n_estimators': 284}. Best is trial 48 with value: 0.999463928423542.
🎯 Best AUC: 0.999463928423542
🏆 Best hyperparameters: {'max_depth': 3, 'learning_rate': 0.02432939761511395, 'subsample': 0.9139993649790537, 'colsample_bytree': 0.9802485120286025, 'n_estimators': 283}
💾 Tuned model saved to 'C:/Users/somas/PycharmProjects/FinGuardPro/models\xgboost_tuned_model.pkl'

Process finished with exit code 0
